<?xml version="1.0" encoding="UTF-8"?>
<testsuite name="edu.coursera.parallel.StudentAnalyticsTest" time="4.677" tests="6" errors="0" skipped="0" failures="1">
  <properties>
[...]
</properties>
  <testcase name="testAverageAgeOfEnrolledStudents" classname="edu.coursera.parallel.StudentAnalyticsTest" time="0.37"/>
  <testcase name="testAverageAgeOfEnrolledStudentsPerf" classname="edu.coursera.parallel.StudentAnalyticsTest" time="0.922"/>
  <testcase name="testMostCommonFirstNameOfInactiveStudents" classname="edu.coursera.parallel.StudentAnalyticsTest" time="0.637"/>
  <testcase name="testMostCommonFirstNameOfInactiveStudentsPerf" classname="edu.coursera.parallel.StudentAnalyticsTest" time="2.162">
    <failure message="Expected speedup to be at least 4.0 but was 0.4568" type="junit.framework.AssertionFailedError">junit.framework.AssertionFailedError: Expected speedup to be at least 4.0 but was 0.4568
	at junit.framework.Assert.fail(Assert.java:47)
	at junit.framework.Assert.assertTrue(Assert.java:20)
	at edu.coursera.parallel.StudentAnalyticsTest.testMostCommonFirstNameOfInactiveStudentsPerf(StudentAnalyticsTest.java:123)
</failure>
  </testcase>
  <testcase name="testCountNumberOfFailedStudentsOlderThan20" classname="edu.coursera.parallel.StudentAnalyticsTest" time="0.186"/>
  <testcase name="testCountNumberOfFailedStudentsOlderThan20Perf" classname="edu.coursera.parallel.StudentAnalyticsTest" time="0.4"/>
</testsuite>